
autotasks: system execution failed.
Following is the set of recorded exceptions:

******************************** Thread exception *****************************
In thread           Root thread            0x0 (thread id)
*******************************************************************************
-------------------------------------------------------------------------------
Class / Object      Routine                Nature of exception           Effect
-------------------------------------------------------------------------------
ARRAYED_LIST        remove @2              writable:                    
<0000000003B368D8>                         Precondition violated.        Fail
-------------------------------------------------------------------------------
TOPO_SORT_OBJECT    remove_element @7                                   
<0000000003B36858>                         Routine failure.              Fail
-------------------------------------------------------------------------------
APPLICATION         make @9                                             
<0000000003B365E8>                         Routine failure.              Fail
-------------------------------------------------------------------------------
APPLICATION         root's creation                                     
<0000000003B365E8>                         Routine failure.              Exit
-------------------------------------------------------------------------------

autotasks: system execution failed.
Following is the set of recorded exceptions:

******************************** Thread exception *****************************
In thread           Root thread            0x0 (thread id)
*******************************************************************************
-------------------------------------------------------------------------------
Class / Object      Routine                Nature of exception           Effect
-------------------------------------------------------------------------------
ARRAYED_LIST        remove @2              writable:                    
<0000000003C288D8>                         Precondition violated.        Fail
-------------------------------------------------------------------------------
TOPO_SORT_OBJECT    remove_element @6                                   
<0000000003C28858>                         Routine failure.              Fail
-------------------------------------------------------------------------------
APPLICATION         make @9                                             
<0000000003C285E8>                         Routine failure.              Fail
-------------------------------------------------------------------------------
APPLICATION         root's creation                                     
<0000000003C285E8>                         Routine failure.              Exit
-------------------------------------------------------------------------------
SPECIAL             overlapping_move @23   index_large_enough:          
<0000000003C292F8>                         Runtime check violated.       Exit
-------------------------------------------------------------------------------
SPECIAL             overlapping_move @23                                
<0000000003C292F8>                         Routine failure.              Exit
-------------------------------------------------------------------------------
SPECIAL             move_data @11                                       
<0000000003C292F8>                         Routine failure.              Exit
-------------------------------------------------------------------------------
ARRAYED_LIST        remove @4                                           
<0000000003C288D8>                         Routine failure.              Exit
-------------------------------------------------------------------------------
TOPO_SORT_OBJECT    remove_element @6                                   
<0000000003C28858>                         Routine failure.              Exit
-------------------------------------------------------------------------------
APPLICATION         make @9                                             
<0000000003C285E8>                         Routine failure.              Exit
-------------------------------------------------------------------------------
APPLICATION         root's creation                                     
<0000000003C285E8>                         Routine failure.              Exit
-------------------------------------------------------------------------------
